mode: set
github.com/dlockard/attachment-decrapifier/rtf/strip.go:14.51,19.16 3 1
github.com/dlockard/attachment-decrapifier/rtf/strip.go:19.16,21.3 1 0
github.com/dlockard/attachment-decrapifier/rtf/strip.go:22.2,22.18 1 1
github.com/dlockard/attachment-decrapifier/rtf/strip.go:22.18,24.3 1 0
github.com/dlockard/attachment-decrapifier/rtf/strip.go:25.2,26.16 2 1
github.com/dlockard/attachment-decrapifier/rtf/strip.go:26.16,28.3 1 0
github.com/dlockard/attachment-decrapifier/rtf/strip.go:29.2,29.20 1 1
github.com/dlockard/attachment-decrapifier/rtf/strip.go:29.20,31.3 1 0
github.com/dlockard/attachment-decrapifier/rtf/strip.go:32.2,33.19 2 1
github.com/dlockard/attachment-decrapifier/rtf/strip.go:33.19,35.3 1 0
github.com/dlockard/attachment-decrapifier/rtf/strip.go:36.2,48.6 6 1
github.com/dlockard/attachment-decrapifier/rtf/strip.go:48.6,50.17 2 1
github.com/dlockard/attachment-decrapifier/rtf/strip.go:50.17,51.21 1 1
github.com/dlockard/attachment-decrapifier/rtf/strip.go:51.21,52.10 1 1
github.com/dlockard/attachment-decrapifier/rtf/strip.go:54.4,54.18 1 0
github.com/dlockard/attachment-decrapifier/rtf/strip.go:57.3,57.12 1 1
github.com/dlockard/attachment-decrapifier/rtf/strip.go:58.12,60.21 2 0
github.com/dlockard/attachment-decrapifier/rtf/strip.go:60.21,61.13 1 0
github.com/dlockard/attachment-decrapifier/rtf/strip.go:63.4,64.65 2 0
github.com/dlockard/attachment-decrapifier/rtf/strip.go:64.65,66.5 1 0
github.com/dlockard/attachment-decrapifier/rtf/strip.go:68.12,69.26 1 1
github.com/dlockard/attachment-decrapifier/rtf/strip.go:69.26,71.5 1 0
github.com/dlockard/attachment-decrapifier/rtf/strip.go:72.4,72.11 1 1
github.com/dlockard/attachment-decrapifier/rtf/strip.go:74.13,75.21 1 1
github.com/dlockard/attachment-decrapifier/rtf/strip.go:75.21,77.19 2 0
github.com/dlockard/attachment-decrapifier/rtf/strip.go:77.19,78.11 1 0
github.com/dlockard/attachment-decrapifier/rtf/strip.go:80.5,80.51 1 0
github.com/dlockard/attachment-decrapifier/rtf/strip.go:80.51,81.14 1 0
github.com/dlockard/attachment-decrapifier/rtf/strip.go:83.5,83.21 1 0
github.com/dlockard/attachment-decrapifier/rtf/strip.go:83.21,86.14 3 0
github.com/dlockard/attachment-decrapifier/rtf/strip.go:88.5,91.13 4 0
github.com/dlockard/attachment-decrapifier/rtf/strip.go:94.4,95.18 2 1
github.com/dlockard/attachment-decrapifier/rtf/strip.go:95.18,96.10 1 0
github.com/dlockard/attachment-decrapifier/rtf/strip.go:99.4,99.16 1 1
github.com/dlockard/attachment-decrapifier/rtf/strip.go:100.14,101.24 1 0
github.com/dlockard/attachment-decrapifier/rtf/strip.go:102.13,103.23 1 0
github.com/dlockard/attachment-decrapifier/rtf/strip.go:104.13,105.23 1 0
github.com/dlockard/attachment-decrapifier/rtf/strip.go:106.14,110.23 4 0
github.com/dlockard/attachment-decrapifier/rtf/strip.go:111.20,112.24 1 0
github.com/dlockard/attachment-decrapifier/rtf/strip.go:113.12,118.35 4 1
github.com/dlockard/attachment-decrapifier/rtf/strip.go:118.35,120.14 2 0
github.com/dlockard/attachment-decrapifier/rtf/strip.go:123.5,123.21 1 1
github.com/dlockard/attachment-decrapifier/rtf/strip.go:124.16,125.25 1 0
github.com/dlockard/attachment-decrapifier/rtf/strip.go:126.17,127.25 1 0
github.com/dlockard/attachment-decrapifier/rtf/strip.go:128.16,129.25 1 0
github.com/dlockard/attachment-decrapifier/rtf/strip.go:130.14,131.20 1 0
github.com/dlockard/attachment-decrapifier/rtf/strip.go:131.20,135.7 3 0
github.com/dlockard/attachment-decrapifier/rtf/strip.go:136.6,136.19 1 0
github.com/dlockard/attachment-decrapifier/rtf/strip.go:137.19,138.29 1 0
github.com/dlockard/attachment-decrapifier/rtf/strip.go:139.19,140.29 1 0
github.com/dlockard/attachment-decrapifier/rtf/strip.go:141.22,142.29 1 0
github.com/dlockard/attachment-decrapifier/rtf/strip.go:143.22,144.29 1 0
github.com/dlockard/attachment-decrapifier/rtf/strip.go:145.19,146.29 1 0
github.com/dlockard/attachment-decrapifier/rtf/strip.go:147.19,148.29 1 0
github.com/dlockard/attachment-decrapifier/rtf/strip.go:149.19,150.29 1 0
github.com/dlockard/attachment-decrapifier/rtf/strip.go:154.11,155.21 1 1
github.com/dlockard/attachment-decrapifier/rtf/strip.go:155.21,156.13 1 0
github.com/dlockard/attachment-decrapifier/rtf/strip.go:158.4,158.20 1 1
github.com/dlockard/attachment-decrapifier/rtf/strip.go:162.2,162.26 1 1
github.com/dlockard/attachment-decrapifier/rtf/strip.go:165.51,167.6 2 1
github.com/dlockard/attachment-decrapifier/rtf/strip.go:167.6,169.17 2 1
github.com/dlockard/attachment-decrapifier/rtf/strip.go:169.17,170.9 1 0
github.com/dlockard/attachment-decrapifier/rtf/strip.go:172.3,172.55 1 1
github.com/dlockard/attachment-decrapifier/rtf/strip.go:172.55,174.4 1 1
github.com/dlockard/attachment-decrapifier/rtf/strip.go:174.9,176.9 2 1
github.com/dlockard/attachment-decrapifier/rtf/strip.go:179.2,179.22 1 1
github.com/dlockard/attachment-decrapifier/rtf/strip.go:182.45,183.6 1 1
github.com/dlockard/attachment-decrapifier/rtf/strip.go:183.6,185.17 2 1
github.com/dlockard/attachment-decrapifier/rtf/strip.go:185.17,187.4 1 0
github.com/dlockard/attachment-decrapifier/rtf/strip.go:188.3,188.41 1 1
github.com/dlockard/attachment-decrapifier/rtf/strip.go:188.41,189.12 1 1
github.com/dlockard/attachment-decrapifier/rtf/strip.go:191.3,191.15 1 1
github.com/dlockard/attachment-decrapifier/rtf/strip.go:191.15,193.4 1 0
github.com/dlockard/attachment-decrapifier/rtf/strip.go:194.3,195.9 2 1
github.com/dlockard/attachment-decrapifier/rtf/strip.go:199.54,203.6 4 1
github.com/dlockard/attachment-decrapifier/rtf/strip.go:203.6,205.17 2 1
github.com/dlockard/attachment-decrapifier/rtf/strip.go:205.17,207.4 1 0
github.com/dlockard/attachment-decrapifier/rtf/strip.go:208.3,208.28 1 1
github.com/dlockard/attachment-decrapifier/rtf/strip.go:208.28,210.12 2 0
github.com/dlockard/attachment-decrapifier/rtf/strip.go:212.3,212.27 1 1
github.com/dlockard/attachment-decrapifier/rtf/strip.go:212.27,215.12 3 0
github.com/dlockard/attachment-decrapifier/rtf/strip.go:217.3,217.15 1 1
github.com/dlockard/attachment-decrapifier/rtf/strip.go:217.15,218.9 1 1
github.com/dlockard/attachment-decrapifier/rtf/strip.go:220.3,221.8 2 0
github.com/dlockard/attachment-decrapifier/rtf/strip.go:223.2,223.14 1 1
github.com/dlockard/attachment-decrapifier/rtf/strip.go:223.14,225.3 1 0
github.com/dlockard/attachment-decrapifier/rtf/strip.go:226.2,226.12 1 1
github.com/dlockard/attachment-decrapifier/rtf/strip.go:229.26,230.9 1 0
github.com/dlockard/attachment-decrapifier/rtf/strip.go:231.28,232.17 1 0
github.com/dlockard/attachment-decrapifier/rtf/strip.go:233.28,234.22 1 0
github.com/dlockard/attachment-decrapifier/rtf/strip.go:235.28,236.22 1 0
github.com/dlockard/attachment-decrapifier/rtf/strip.go:237.10,238.11 1 0
github.com/dlockard/attachment-decrapifier/rtf/strip.go:243.38,245.16 2 1
github.com/dlockard/attachment-decrapifier/rtf/strip.go:245.16,247.3 1 0
github.com/dlockard/attachment-decrapifier/rtf/strip.go:248.2,251.16 3 1
github.com/dlockard/attachment-decrapifier/rtf/strip.go:251.16,253.3 1 0
github.com/dlockard/attachment-decrapifier/rtf/strip.go:255.2,257.67 3 1
github.com/dlockard/attachment-decrapifier/rtf/strip.go:257.67,259.3 1 1
github.com/dlockard/attachment-decrapifier/rtf/strip.go:260.2,260.12 1 0
